2023/12/05 17:14:39.972 [background-preinit] INFO  o.h.validator.internal.util.Version - HV000001: Hibernate Validator 8.0.1.Final
2023/12/05 17:14:40.117 [main] INFO  c.y.k.i.InventoryManagementApp01Application - Starting InventoryManagementApp01Application using Java 17.0.8 with PID 6764 (C:\ProjectFiles\inventory_management_app01\build\classes\java\main started by USER in C:\ProjectFiles\inventory_management_app01)
2023/12/05 17:14:40.120 [main] INFO  c.y.k.i.InventoryManagementApp01Application - No active profile set, falling back to 1 default profile: "default"
2023/12/05 17:14:44.162 [main] INFO  o.s.b.w.e.tomcat.TomcatWebServer - Tomcat initialized with port(s): 8080 (http)
2023/12/05 17:14:44.185 [main] INFO  o.a.coyote.http11.Http11NioProtocol - Initializing ProtocolHandler ["http-nio-8080"]
2023/12/05 17:14:44.190 [main] INFO  o.a.catalina.core.StandardService - Starting service [Tomcat]
2023/12/05 17:14:44.190 [main] INFO  o.a.catalina.core.StandardEngine - Starting Servlet engine: [Apache Tomcat/10.1.15]
2023/12/05 17:14:44.589 [main] INFO  o.a.c.c.C.[Tomcat].[localhost].[/] - Initializing Spring embedded WebApplicationContext
2023/12/05 17:14:44.589 [main] INFO  o.s.b.w.s.c.ServletWebServerApplicationContext - Root WebApplicationContext: initialization completed in 4382 ms
2023/12/05 17:14:47.046 [main] INFO  o.a.coyote.http11.Http11NioProtocol - Starting ProtocolHandler ["http-nio-8080"]
2023/12/05 17:14:47.157 [main] INFO  o.s.b.w.e.tomcat.TomcatWebServer - Tomcat started on port(s): 8080 (http) with context path ''
2023/12/05 17:14:47.175 [main] INFO  c.y.k.i.InventoryManagementApp01Application - Started InventoryManagementApp01Application in 8.122 seconds (process running for 9.586)
2023/12/05 17:15:34.386 [http-nio-8080-exec-2] INFO  o.a.c.c.C.[Tomcat].[localhost].[/] - Initializing Spring DispatcherServlet 'dispatcherServlet'
2023/12/05 17:15:34.386 [http-nio-8080-exec-2] INFO  o.s.web.servlet.DispatcherServlet - Initializing Servlet 'dispatcherServlet'
2023/12/05 17:15:34.394 [http-nio-8080-exec-2] INFO  o.s.web.servlet.DispatcherServlet - Completed initialization in 8 ms
2023/12/05 17:15:34.551 [http-nio-8080-exec-3] INFO  com.zaxxer.hikari.HikariDataSource - HikariPool-1 - Starting...
2023/12/05 17:15:35.754 [http-nio-8080-exec-3] INFO  com.zaxxer.hikari.pool.HikariPool - HikariPool-1 - Added connection com.mysql.cj.jdbc.ConnectionImpl@5aa9b96b
2023/12/05 17:15:35.761 [http-nio-8080-exec-3] INFO  com.zaxxer.hikari.HikariDataSource - HikariPool-1 - Start completed.
2023/12/05 21:54:03.822 [HikariPool-1 housekeeper] WARN  com.zaxxer.hikari.pool.HikariPool - HikariPool-1 - Thread starvation or clock leap detected (housekeeper delta=3h15m56s656ms972ɠs).
2023/12/05 21:55:04.542 [HikariPool-1 housekeeper] WARN  com.zaxxer.hikari.pool.HikariPool - HikariPool-1 - Thread starvation or clock leap detected (housekeeper delta=1m5s513ms774ɠs300ns).
2023/12/05 21:55:41.188 [background-preinit] INFO  o.h.validator.internal.util.Version - HV000001: Hibernate Validator 8.0.1.Final
2023/12/05 21:55:41.300 [main] INFO  c.y.k.i.InventoryManagementApp01Application - Starting InventoryManagementApp01Application using Java 17.0.8 with PID 31264 (C:\ProjectFiles\inventory_management_app01\build\classes\java\main started by USER in C:\ProjectFiles\inventory_management_app01)
2023/12/05 21:55:41.302 [main] INFO  c.y.k.i.InventoryManagementApp01Application - No active profile set, falling back to 1 default profile: "default"
2023/12/05 21:55:43.635 [main] INFO  o.s.b.w.e.tomcat.TomcatWebServer - Tomcat initialized with port(s): 8080 (http)
2023/12/05 21:55:43.647 [main] INFO  o.a.coyote.http11.Http11NioProtocol - Initializing ProtocolHandler ["http-nio-8080"]
2023/12/05 21:55:43.651 [main] INFO  o.a.catalina.core.StandardService - Starting service [Tomcat]
2023/12/05 21:55:43.651 [main] INFO  o.a.catalina.core.StandardEngine - Starting Servlet engine: [Apache Tomcat/10.1.15]
2023/12/05 21:55:43.868 [main] INFO  o.a.c.c.C.[Tomcat].[localhost].[/] - Initializing Spring embedded WebApplicationContext
2023/12/05 21:55:43.871 [main] INFO  o.s.b.w.s.c.ServletWebServerApplicationContext - Root WebApplicationContext: initialization completed in 2443 ms
2023/12/05 21:55:44.946 [main] INFO  o.a.coyote.http11.Http11NioProtocol - Starting ProtocolHandler ["http-nio-8080"]
2023/12/05 21:55:45.001 [main] INFO  o.s.b.w.e.tomcat.TomcatWebServer - Tomcat started on port(s): 8080 (http) with context path ''
2023/12/05 21:55:45.019 [main] INFO  c.y.k.i.InventoryManagementApp01Application - Started InventoryManagementApp01Application in 4.34 seconds (process running for 5.281)
2023/12/05 22:03:04.418 [http-nio-8080-exec-4] INFO  o.a.c.c.C.[Tomcat].[localhost].[/] - Initializing Spring DispatcherServlet 'dispatcherServlet'
2023/12/05 22:03:04.419 [http-nio-8080-exec-4] INFO  o.s.web.servlet.DispatcherServlet - Initializing Servlet 'dispatcherServlet'
2023/12/05 22:03:04.421 [http-nio-8080-exec-4] INFO  o.s.web.servlet.DispatcherServlet - Completed initialization in 2 ms
2023/12/05 22:03:04.495 [http-nio-8080-exec-5] INFO  com.zaxxer.hikari.HikariDataSource - HikariPool-1 - Starting...
2023/12/05 22:03:05.030 [http-nio-8080-exec-5] INFO  com.zaxxer.hikari.pool.HikariPool - HikariPool-1 - Added connection com.mysql.cj.jdbc.ConnectionImpl@171ce230
2023/12/05 22:03:05.033 [http-nio-8080-exec-5] INFO  com.zaxxer.hikari.HikariDataSource - HikariPool-1 - Start completed.
